Using pre-set license
Built from '2020.3/release' branch; Version is '2020.3.2f1 (8fd9074bf66c) revision 9427207'; Using compiler version '192528614'; Build Type 'Release'
OS: 'Windows 10 Home; OS build 19043.1348; Version 2009; 64bit' Language: 'en' Physical Memory: 32713 MB
BatchMode: 1, IsHumanControllingUs: 0, StartBugReporterOnCrash: 0, Is64bit: 1, IsPro: 0

 COMMAND LINE ARGUMENTS:
H:\Unity\2020.3.2f1\Editor\Unity.exe
-adb2
-batchMode
-noUpm
-name
AssetImportWorker0
-projectPath
H:/Unity/Projects/Halador's Arcane Toolbox
-logFile
Logs/AssetImportWorker0.log
-srvPort
63541
Successfully changed project path to: H:/Unity/Projects/Halador's Arcane Toolbox
H:/Unity/Projects/Halador's Arcane Toolbox
Using Asset Import Pipeline V2.
Refreshing native plugins compatible for Editor in 41.42 ms, found 1 plugins.
Preloading 0 native plugins for Editor in 0.00 ms.
Initialize engine version: 2020.3.2f1 (8fd9074bf66c)
[Subsystems] Discovering subsystems at path H:/Unity/2020.3.2f1/Editor/Data/Resources/UnitySubsystems
[Subsystems] Discovering subsystems at path H:/Unity/Projects/Halador's Arcane Toolbox/Assets
GfxDevice: creating device client; threaded=0
Direct3D:
    Version:  Direct3D 11.0 [level 11.1]
    Renderer: NVIDIA GeForce GTX 970 (ID=0x13c2)
    Vendor:   
    VRAM:     4043 MB
    Driver:   30.0.14.9613
Initialize mono
Mono path[0] = 'H:/Unity/2020.3.2f1/Editor/Data/Managed'
Mono path[1] = 'H:/Unity/2020.3.2f1/Editor/Data/MonoBleedingEdge/lib/mono/unityjit'
Mono config path = 'H:/Unity/2020.3.2f1/Editor/Data/MonoBleedingEdge/etc'
Using monoOptions --debugger-agent=transport=dt_socket,embedding=1,server=y,suspend=n,address=127.0.0.1:56284
Begin MonoManager ReloadAssembly
Registering precompiled unity dll's ...
Register platform support module: H:/Unity/2020.3.2f1/Editor/Data/PlaybackEngines/WindowsStandaloneSupport/UnityEditor.WindowsStandalone.Extensions.dll
Registered in 0.001094 seconds.
Native extension for WindowsStandalone target not found
Refreshing native plugins compatible for Editor in 36.76 ms, found 1 plugins.
Preloading 0 native plugins for Editor in 0.00 ms.
Invoked RoslynAnalysisRunner static constructor.
RoslynAnalysisRunner will not be running.
RoslynAnalysisRunner has terminated.
Mono: successfully reloaded assembly
- Completed reload, in  0.867 seconds
Platform modules already initialized, skipping
Registering precompiled user dll's ...
Registered in 0.000817 seconds.
Begin MonoManager ReloadAssembly
Native extension for WindowsStandalone target not found
Refreshing native plugins compatible for Editor in 33.41 ms, found 1 plugins.
Preloading 0 native plugins for Editor in 0.00 ms.
Invoked RoslynAnalysisRunner static constructor.
RoslynAnalysisRunner will not be running.
RoslynAnalysisRunner has terminated.
Mono: successfully reloaded assembly
- Completed reload, in  0.745 seconds
Platform modules already initialized, skipping
========================================================================
Worker process is ready to serve import requests
Launched and connected shader compiler UnityShaderCompiler.exe after 0.14 seconds
Refreshing native plugins compatible for Editor in 0.43 ms, found 1 plugins.
Preloading 0 native plugins for Editor in 0.00 ms.
Unloading 1921 Unused Serialized files (Serialized files now loaded: 0)
System memory in use before: 90.1 MB.
System memory in use after: 90.1 MB.

Unloading 24 unused Assets to reduce memory usage. Loaded Objects now: 2364.
Total: 2.011400 ms (FindLiveObjects: 0.242800 ms CreateObjectMapping: 0.055000 ms MarkObjects: 1.586900 ms  DeleteObjects: 0.125500 ms)

========================================================================
Received Import Request.
  path: Assets/skizzers/DiceRoller-master/DiceRoller/Grammar/Generated/DiceGrammarLexer.cs
  artifactKey: Guid(d367b03a6d045ee459962e00132358c3) Importer(815301076,1909f56bfc062723c751e8b465ee728b)
Start importing Assets/skizzers/DiceRoller-master/DiceRoller/Grammar/Generated/DiceGrammarLexer.cs using Guid(d367b03a6d045ee459962e00132358c3) Importer(815301076,1909f56bfc062723c751e8b465ee728b)  -> (artifact id: 'a06127b5c4fcce3013a4afc1c3fd59d8') in 0.026256 seconds
  Import took 0.029018 seconds .

========================================================================
Received Prepare
Registering precompiled user dll's ...
Registered in 0.000763 seconds.
Begin MonoManager ReloadAssembly
Native extension for WindowsStandalone target not found
Refreshing native plugins compatible for Editor in 0.43 ms, found 1 plugins.
Preloading 0 native plugins for Editor in 0.00 ms.
Invoked RoslynAnalysisRunner static constructor.
RoslynAnalysisRunner will not be running.
RoslynAnalysisRunner has terminated.
Mono: successfully reloaded assembly
- Completed reload, in  0.682 seconds
Platform modules already initialized, skipping
Refreshing native plugins compatible for Editor in 0.41 ms, found 1 plugins.
Preloading 0 native plugins for Editor in 0.00 ms.
Unloading 1810 Unused Serialized files (Serialized files now loaded: 0)
System memory in use before: 87.0 MB.
System memory in use after: 87.0 MB.

Unloading 105 unused Assets to reduce memory usage. Loaded Objects now: 2275.
Total: 2.101200 ms (FindLiveObjects: 0.214700 ms CreateObjectMapping: 0.043400 ms MarkObjects: 1.679800 ms  DeleteObjects: 0.162300 ms)

========================================================================
Received Prepare
Registering precompiled user dll's ...
Registered in 0.043210 seconds.
Begin MonoManager ReloadAssembly
Native extension for WindowsStandalone target not found
Refreshing native plugins compatible for Editor in 0.42 ms, found 1 plugins.
Preloading 0 native plugins for Editor in 0.00 ms.
Invoked RoslynAnalysisRunner static constructor.
RoslynAnalysisRunner will not be running.
RoslynAnalysisRunner has terminated.
Mono: successfully reloaded assembly
- Completed reload, in  0.679 seconds
Platform modules already initialized, skipping
Refreshing native plugins compatible for Editor in 0.43 ms, found 1 plugins.
Preloading 0 native plugins for Editor in 0.00 ms.
Unloading 1810 Unused Serialized files (Serialized files now loaded: 0)
System memory in use before: 86.4 MB.
System memory in use after: 86.4 MB.

Unloading 12 unused Assets to reduce memory usage. Loaded Objects now: 2279.
Total: 1.977100 ms (FindLiveObjects: 0.213800 ms CreateObjectMapping: 0.043100 ms MarkObjects: 1.605900 ms  DeleteObjects: 0.113200 ms)

========================================================================
Received Prepare
Registering precompiled user dll's ...
Registered in 0.000549 seconds.
Begin MonoManager ReloadAssembly
Native extension for WindowsStandalone target not found
Refreshing native plugins compatible for Editor in 0.45 ms, found 1 plugins.
Preloading 0 native plugins for Editor in 0.00 ms.
Invoked RoslynAnalysisRunner static constructor.
RoslynAnalysisRunner will not be running.
RoslynAnalysisRunner has terminated.
Mono: successfully reloaded assembly
- Completed reload, in  0.659 seconds
Platform modules already initialized, skipping
Refreshing native plugins compatible for Editor in 0.42 ms, found 1 plugins.
Preloading 0 native plugins for Editor in 0.00 ms.
Unloading 1810 Unused Serialized files (Serialized files now loaded: 0)
System memory in use before: 86.4 MB.
System memory in use after: 86.4 MB.

Unloading 12 unused Assets to reduce memory usage. Loaded Objects now: 2283.
Total: 2.196300 ms (FindLiveObjects: 0.244600 ms CreateObjectMapping: 0.042800 ms MarkObjects: 1.775200 ms  DeleteObjects: 0.132300 ms)

========================================================================
Received Import Request.
  Time since last request: 31030.912881 seconds.
  path: Assets/Scripts/HAT/GameSystem/Classic/DungeonsAndDragons
  artifactKey: Guid(d14af82bee69add49a454fa5a1831fec) Importer(815301076,1909f56bfc062723c751e8b465ee728b)
Start importing Assets/Scripts/HAT/GameSystem/Classic/DungeonsAndDragons using Guid(d14af82bee69add49a454fa5a1831fec) Importer(815301076,1909f56bfc062723c751e8b465ee728b)  -> (artifact id: 'ce49f084c5deaef99ac5355729057ae9') in 0.008670 seconds
  Import took 0.011637 seconds .

========================================================================
Received Import Request.
  Time since last request: 6.325053 seconds.
  path: Assets/Scripts/HAT/GameSystem/Classic/DND
  artifactKey: Guid(d14af82bee69add49a454fa5a1831fec) Importer(815301076,1909f56bfc062723c751e8b465ee728b)
Start importing Assets/Scripts/HAT/GameSystem/Classic/DND using Guid(d14af82bee69add49a454fa5a1831fec) Importer(815301076,1909f56bfc062723c751e8b465ee728b)  -> (artifact id: 'c1e5cf5053e1f89cfb148ecfaa936410') in 0.007032 seconds
  Import took 0.010072 seconds .

========================================================================
Received Import Request.
  Time since last request: 15.282985 seconds.
  path: Assets/Scripts/HAT/GameSystem/Classic/DND/dnd.cs
  artifactKey: Guid(10d856342643b1742879adcea2faac83) Importer(815301076,1909f56bfc062723c751e8b465ee728b)
Start importing Assets/Scripts/HAT/GameSystem/Classic/DND/dnd.cs using Guid(10d856342643b1742879adcea2faac83) Importer(815301076,1909f56bfc062723c751e8b465ee728b)  -> (artifact id: '9ad9d58a7a081ef58ee03911d1e57694') in 0.005746 seconds
  Import took 0.008695 seconds .

========================================================================
Received Prepare
Registering precompiled user dll's ...
Registered in 0.000711 seconds.
Begin MonoManager ReloadAssembly
Native extension for WindowsStandalone target not found
Refreshing native plugins compatible for Editor in 0.41 ms, found 1 plugins.
Preloading 0 native plugins for Editor in 0.00 ms.
Invoked RoslynAnalysisRunner static constructor.
RoslynAnalysisRunner will not be running.
RoslynAnalysisRunner has terminated.
Mono: successfully reloaded assembly
- Completed reload, in  0.676 seconds
Platform modules already initialized, skipping
Refreshing native plugins compatible for Editor in 0.38 ms, found 1 plugins.
Preloading 0 native plugins for Editor in 0.00 ms.
Unloading 1811 Unused Serialized files (Serialized files now loaded: 0)
System memory in use before: 86.7 MB.
System memory in use after: 86.6 MB.

Unloading 12 unused Assets to reduce memory usage. Loaded Objects now: 2288.
Total: 2.109400 ms (FindLiveObjects: 0.224300 ms CreateObjectMapping: 0.042200 ms MarkObjects: 1.709900 ms  DeleteObjects: 0.131800 ms)

========================================================================
Received Import Request.
  Time since last request: 16.450915 seconds.
  path: Assets/Scripts/HAT/GameSystem/Classic/DND/5e
  artifactKey: Guid(b5ebc34daf0892047aa976a75e913f68) Importer(815301076,1909f56bfc062723c751e8b465ee728b)
Start importing Assets/Scripts/HAT/GameSystem/Classic/DND/5e using Guid(b5ebc34daf0892047aa976a75e913f68) Importer(815301076,1909f56bfc062723c751e8b465ee728b)  -> (artifact id: '6a7f8a7b62f8ff050ac5fe5b5064a734') in 0.008571 seconds
  Import took 0.011546 seconds .

========================================================================
Received Import Request.
  Time since last request: 8.475033 seconds.
  path: Assets/Scripts/HAT/GameSystem/Classic/DND/5e/5e.cs
  artifactKey: Guid(76516af11bc3e0e4eaff31d009db33e0) Importer(815301076,1909f56bfc062723c751e8b465ee728b)
Start importing Assets/Scripts/HAT/GameSystem/Classic/DND/5e/5e.cs using Guid(76516af11bc3e0e4eaff31d009db33e0) Importer(815301076,1909f56bfc062723c751e8b465ee728b)  -> (artifact id: '7ddea284d0ac06712c955312df51507e') in 0.002884 seconds
  Import took 0.005821 seconds .

========================================================================
Received Prepare
Registering precompiled user dll's ...
Registered in 0.000656 seconds.
Begin MonoManager ReloadAssembly
Native extension for WindowsStandalone target not found
Refreshing native plugins compatible for Editor in 0.79 ms, found 1 plugins.
Preloading 0 native plugins for Editor in 0.00 ms.
Invoked RoslynAnalysisRunner static constructor.
RoslynAnalysisRunner will not be running.
RoslynAnalysisRunner has terminated.
Mono: successfully reloaded assembly
- Completed reload, in  0.729 seconds
Platform modules already initialized, skipping
Refreshing native plugins compatible for Editor in 0.41 ms, found 1 plugins.
Preloading 0 native plugins for Editor in 0.00 ms.
Unloading 1811 Unused Serialized files (Serialized files now loaded: 0)
System memory in use before: 86.7 MB.
System memory in use after: 86.6 MB.

Unloading 12 unused Assets to reduce memory usage. Loaded Objects now: 2292.
Total: 2.536300 ms (FindLiveObjects: 0.434000 ms CreateObjectMapping: 0.058200 ms MarkObjects: 1.919100 ms  DeleteObjects: 0.123500 ms)

========================================================================
Received Import Request.
  Time since last request: 37.185795 seconds.
  path: Assets/Scripts/HAT/GameSystem/Classic/DND/New Folder
  artifactKey: Guid(cc7514ad5b7c5024d9b7fc3c2143a32a) Importer(815301076,1909f56bfc062723c751e8b465ee728b)
Start importing Assets/Scripts/HAT/GameSystem/Classic/DND/New Folder using Guid(cc7514ad5b7c5024d9b7fc3c2143a32a) Importer(815301076,1909f56bfc062723c751e8b465ee728b)  -> (artifact id: 'e682445a6c95b486a8a3925a36c8a49e') in 0.008594 seconds
  Import took 0.032002 seconds .

========================================================================
Received Prepare
Registering precompiled user dll's ...
Registered in 0.000660 seconds.
Begin MonoManager ReloadAssembly
Native extension for WindowsStandalone target not found
Refreshing native plugins compatible for Editor in 0.42 ms, found 1 plugins.
Preloading 0 native plugins for Editor in 0.00 ms.
Invoked RoslynAnalysisRunner static constructor.
RoslynAnalysisRunner will not be running.
RoslynAnalysisRunner has terminated.
Mono: successfully reloaded assembly
- Completed reload, in  0.677 seconds
Platform modules already initialized, skipping
Refreshing native plugins compatible for Editor in 0.41 ms, found 1 plugins.
Preloading 0 native plugins for Editor in 0.00 ms.
Unloading 1810 Unused Serialized files (Serialized files now loaded: 0)
System memory in use before: 86.7 MB.
System memory in use after: 86.6 MB.

Unloading 13 unused Assets to reduce memory usage. Loaded Objects now: 2295.
Total: 2.125000 ms (FindLiveObjects: 0.245400 ms CreateObjectMapping: 0.041000 ms MarkObjects: 1.713800 ms  DeleteObjects: 0.124000 ms)

========================================================================
Received Import Request.
  Time since last request: 29.593439 seconds.
  path: Assets/Scripts/HAT/GameSystem/Classic/DND/dnd5e.cs
  artifactKey: Guid(1c9322f5f1a5dbf489f4b1fcb6d7331b) Importer(815301076,1909f56bfc062723c751e8b465ee728b)
Start importing Assets/Scripts/HAT/GameSystem/Classic/DND/dnd5e.cs using Guid(1c9322f5f1a5dbf489f4b1fcb6d7331b) Importer(815301076,1909f56bfc062723c751e8b465ee728b)  -> (artifact id: '4b6ea69f81f816e3288a874e61081d0c') in 0.009292 seconds
  Import took 0.032021 seconds .

========================================================================
Received Import Request.
  Time since last request: 0.001109 seconds.
  path: Assets/Scripts/HAT/GameSystem/Classic/DND/dnd5e.cs
  artifactKey: Guid(1c9322f5f1a5dbf489f4b1fcb6d7331b) Importer(815301076,1909f56bfc062723c751e8b465ee728b)
Start importing Assets/Scripts/HAT/GameSystem/Classic/DND/dnd5e.cs using Guid(1c9322f5f1a5dbf489f4b1fcb6d7331b) Importer(815301076,1909f56bfc062723c751e8b465ee728b)  -> (artifact id: '4b6ea69f81f816e3288a874e61081d0c') in 0.001843 seconds
  Import took 0.004266 seconds .

========================================================================
Received Prepare
Registering precompiled user dll's ...
Registered in 0.000770 seconds.
Begin MonoManager ReloadAssembly
Native extension for WindowsStandalone target not found
Refreshing native plugins compatible for Editor in 0.43 ms, found 1 plugins.
Preloading 0 native plugins for Editor in 0.00 ms.
Invoked RoslynAnalysisRunner static constructor.
RoslynAnalysisRunner will not be running.
RoslynAnalysisRunner has terminated.
Mono: successfully reloaded assembly
- Completed reload, in  0.676 seconds
Platform modules already initialized, skipping
Refreshing native plugins compatible for Editor in 0.40 ms, found 1 plugins.
Preloading 0 native plugins for Editor in 0.00 ms.
Unloading 1811 Unused Serialized files (Serialized files now loaded: 0)
System memory in use before: 86.7 MB.
System memory in use after: 86.7 MB.

Unloading 12 unused Assets to reduce memory usage. Loaded Objects now: 2300.
Total: 2.194300 ms (FindLiveObjects: 0.246100 ms CreateObjectMapping: 0.046600 ms MarkObjects: 1.780500 ms  DeleteObjects: 0.119900 ms)

========================================================================
Received Import Request.
  Time since last request: 28.011081 seconds.
  path: Assets/Scripts/HAT/GameSystem/Classic/DND/dnd5e.cs
  artifactKey: Guid(1c9322f5f1a5dbf489f4b1fcb6d7331b) Importer(815301076,1909f56bfc062723c751e8b465ee728b)
Start importing Assets/Scripts/HAT/GameSystem/Classic/DND/dnd5e.cs using Guid(1c9322f5f1a5dbf489f4b1fcb6d7331b) Importer(815301076,1909f56bfc062723c751e8b465ee728b)  -> (artifact id: 'c505ca7f32f451a0c97ca3975848c8fa') in 0.005071 seconds
  Import took 0.008344 seconds .

========================================================================
Received Prepare
Registering precompiled user dll's ...
Registered in 0.000677 seconds.
Begin MonoManager ReloadAssembly
Native extension for WindowsStandalone target not found
Refreshing native plugins compatible for Editor in 0.47 ms, found 1 plugins.
Preloading 0 native plugins for Editor in 0.00 ms.
Invoked RoslynAnalysisRunner static constructor.
RoslynAnalysisRunner will not be running.
RoslynAnalysisRunner has terminated.
Mono: successfully reloaded assembly
- Completed reload, in  0.688 seconds
Platform modules already initialized, skipping
Refreshing native plugins compatible for Editor in 0.39 ms, found 1 plugins.
Preloading 0 native plugins for Editor in 0.00 ms.
Unloading 1811 Unused Serialized files (Serialized files now loaded: 0)
System memory in use before: 86.7 MB.
System memory in use after: 86.7 MB.

Unloading 12 unused Assets to reduce memory usage. Loaded Objects now: 2304.
Total: 2.051100 ms (FindLiveObjects: 0.203800 ms CreateObjectMapping: 0.046500 ms MarkObjects: 1.680100 ms  DeleteObjects: 0.119600 ms)

========================================================================
Received Import Request.
  Time since last request: 18.841234 seconds.
  path: Assets/Scripts/HAT/GameSystem/Classic/DND/DND5e.cs
  artifactKey: Guid(1c9322f5f1a5dbf489f4b1fcb6d7331b) Importer(815301076,1909f56bfc062723c751e8b465ee728b)
Start importing Assets/Scripts/HAT/GameSystem/Classic/DND/DND5e.cs using Guid(1c9322f5f1a5dbf489f4b1fcb6d7331b) Importer(815301076,1909f56bfc062723c751e8b465ee728b)  -> (artifact id: '4aee398a9fde1e7690a4ede7e65c1908') in 0.009408 seconds
  Import took 0.012870 seconds .

========================================================================
Received Prepare
Registering precompiled user dll's ...
Registered in 0.000718 seconds.
Begin MonoManager ReloadAssembly
Native extension for WindowsStandalone target not found
Refreshing native plugins compatible for Editor in 0.41 ms, found 1 plugins.
Preloading 0 native plugins for Editor in 0.00 ms.
Invoked RoslynAnalysisRunner static constructor.
RoslynAnalysisRunner will not be running.
RoslynAnalysisRunner has terminated.
Mono: successfully reloaded assembly
- Completed reload, in  0.676 seconds
Platform modules already initialized, skipping
Refreshing native plugins compatible for Editor in 0.38 ms, found 1 plugins.
Preloading 0 native plugins for Editor in 0.00 ms.
Unloading 1811 Unused Serialized files (Serialized files now loaded: 0)
System memory in use before: 86.7 MB.
System memory in use after: 86.7 MB.

Unloading 12 unused Assets to reduce memory usage. Loaded Objects now: 2308.
Total: 2.241600 ms (FindLiveObjects: 0.291300 ms CreateObjectMapping: 0.057000 ms MarkObjects: 1.764200 ms  DeleteObjects: 0.127900 ms)

========================================================================
Received Import Request.
  Time since last request: 30.935744 seconds.
  path: Assets/Scripts/HAT/GameSystem/Classic/DND/Dnd5e.cs
  artifactKey: Guid(1c9322f5f1a5dbf489f4b1fcb6d7331b) Importer(815301076,1909f56bfc062723c751e8b465ee728b)
Start importing Assets/Scripts/HAT/GameSystem/Classic/DND/Dnd5e.cs using Guid(1c9322f5f1a5dbf489f4b1fcb6d7331b) Importer(815301076,1909f56bfc062723c751e8b465ee728b)  -> (artifact id: 'f2f92a87b69048457e1815c54c556471') in 0.008729 seconds
  Import took 0.012356 seconds .

========================================================================
Received Prepare
Registering precompiled user dll's ...
Registered in 0.000694 seconds.
Begin MonoManager ReloadAssembly
Native extension for WindowsStandalone target not found
Refreshing native plugins compatible for Editor in 0.44 ms, found 1 plugins.
Preloading 0 native plugins for Editor in 0.00 ms.
Invoked RoslynAnalysisRunner static constructor.
RoslynAnalysisRunner will not be running.
RoslynAnalysisRunner has terminated.
Mono: successfully reloaded assembly
- Completed reload, in  0.701 seconds
Platform modules already initialized, skipping
Refreshing native plugins compatible for Editor in 0.39 ms, found 1 plugins.
Preloading 0 native plugins for Editor in 0.00 ms.
Unloading 1811 Unused Serialized files (Serialized files now loaded: 0)
System memory in use before: 86.7 MB.
System memory in use after: 86.7 MB.

Unloading 12 unused Assets to reduce memory usage. Loaded Objects now: 2312.
Total: 2.043000 ms (FindLiveObjects: 0.264100 ms CreateObjectMapping: 0.053800 ms MarkObjects: 1.606400 ms  DeleteObjects: 0.117000 ms)

========================================================================
Received Import Request.
  Time since last request: 15.324606 seconds.
  path: Assets/Scripts/HAT/GameSystem/Classic/DND/Dnd5E.cs
  artifactKey: Guid(1c9322f5f1a5dbf489f4b1fcb6d7331b) Importer(815301076,1909f56bfc062723c751e8b465ee728b)
Start importing Assets/Scripts/HAT/GameSystem/Classic/DND/Dnd5E.cs using Guid(1c9322f5f1a5dbf489f4b1fcb6d7331b) Importer(815301076,1909f56bfc062723c751e8b465ee728b)  -> (artifact id: 'be0aea22663a86bff255f026aa16c6d2') in 0.008937 seconds
  Import took 0.012751 seconds .

========================================================================
Received Prepare
Registering precompiled user dll's ...
Registered in 0.000693 seconds.
Begin MonoManager ReloadAssembly
Native extension for WindowsStandalone target not found
Refreshing native plugins compatible for Editor in 0.44 ms, found 1 plugins.
Preloading 0 native plugins for Editor in 0.00 ms.
Invoked RoslynAnalysisRunner static constructor.
RoslynAnalysisRunner will not be running.
RoslynAnalysisRunner has terminated.
Mono: successfully reloaded assembly
- Completed reload, in  0.702 seconds
Platform modules already initialized, skipping
Refreshing native plugins compatible for Editor in 0.43 ms, found 1 plugins.
Preloading 0 native plugins for Editor in 0.00 ms.
Unloading 1811 Unused Serialized files (Serialized files now loaded: 0)
System memory in use before: 86.7 MB.
System memory in use after: 86.7 MB.

Unloading 12 unused Assets to reduce memory usage. Loaded Objects now: 2316.
Total: 1.965500 ms (FindLiveObjects: 0.224900 ms CreateObjectMapping: 0.048000 ms MarkObjects: 1.582700 ms  DeleteObjects: 0.109100 ms)

========================================================================
Received Import Request.
  Time since last request: 423.180730 seconds.
  path: Assets/Scripts/HAT/GameSystem/Classic/DND/Dnd5E.cs
  artifactKey: Guid(1c9322f5f1a5dbf489f4b1fcb6d7331b) Importer(815301076,1909f56bfc062723c751e8b465ee728b)
Start importing Assets/Scripts/HAT/GameSystem/Classic/DND/Dnd5E.cs using Guid(1c9322f5f1a5dbf489f4b1fcb6d7331b) Importer(815301076,1909f56bfc062723c751e8b465ee728b)  -> (artifact id: '5f92bd67113f9f59ea0ff63247f3343e') in 0.005269 seconds
  Import took 0.019346 seconds .

========================================================================
Received Import Request.
  Time since last request: 0.032547 seconds.
  path: Assets/Scripts/HAT/GameSystem/Classic/DND/Dnd5E.cs
  artifactKey: Guid(1c9322f5f1a5dbf489f4b1fcb6d7331b) Importer(815301076,1909f56bfc062723c751e8b465ee728b)
Start importing Assets/Scripts/HAT/GameSystem/Classic/DND/Dnd5E.cs using Guid(1c9322f5f1a5dbf489f4b1fcb6d7331b) Importer(815301076,1909f56bfc062723c751e8b465ee728b)  -> (artifact id: '5f92bd67113f9f59ea0ff63247f3343e') in 0.002312 seconds
  Import took 0.005834 seconds .

========================================================================
Received Prepare
Registering precompiled user dll's ...
Registered in 0.000773 seconds.
Begin MonoManager ReloadAssembly
Native extension for WindowsStandalone target not found
Refreshing native plugins compatible for Editor in 0.45 ms, found 1 plugins.
Preloading 0 native plugins for Editor in 0.00 ms.
Invoked RoslynAnalysisRunner static constructor.
RoslynAnalysisRunner will not be running.
RoslynAnalysisRunner has terminated.
Mono: successfully reloaded assembly
- Completed reload, in  0.685 seconds
Platform modules already initialized, skipping
Refreshing native plugins compatible for Editor in 0.40 ms, found 1 plugins.
Preloading 0 native plugins for Editor in 0.00 ms.
Unloading 1811 Unused Serialized files (Serialized files now loaded: 0)
System memory in use before: 86.7 MB.
System memory in use after: 86.7 MB.

Unloading 12 unused Assets to reduce memory usage. Loaded Objects now: 2320.
Total: 2.098900 ms (FindLiveObjects: 0.203900 ms CreateObjectMapping: 0.042300 ms MarkObjects: 1.728100 ms  DeleteObjects: 0.123600 ms)

========================================================================
Received Prepare
Registering precompiled user dll's ...
Registered in 0.000715 seconds.
Begin MonoManager ReloadAssembly
Native extension for WindowsStandalone target not found
Refreshing native plugins compatible for Editor in 0.42 ms, found 1 plugins.
Preloading 0 native plugins for Editor in 0.00 ms.
Invoked RoslynAnalysisRunner static constructor.
RoslynAnalysisRunner will not be running.
RoslynAnalysisRunner has terminated.
Mono: successfully reloaded assembly
- Completed reload, in  0.679 seconds
Platform modules already initialized, skipping
Refreshing native plugins compatible for Editor in 0.41 ms, found 1 plugins.
Preloading 0 native plugins for Editor in 0.00 ms.
Unloading 1811 Unused Serialized files (Serialized files now loaded: 0)
System memory in use before: 86.7 MB.
System memory in use after: 86.7 MB.

Unloading 12 unused Assets to reduce memory usage. Loaded Objects now: 2324.
Total: 2.088100 ms (FindLiveObjects: 0.213200 ms CreateObjectMapping: 0.042300 ms MarkObjects: 1.707200 ms  DeleteObjects: 0.124400 ms)

========================================================================
Received Prepare
Registering precompiled user dll's ...
Registered in 0.041071 seconds.
Begin MonoManager ReloadAssembly
Native extension for WindowsStandalone target not found
Refreshing native plugins compatible for Editor in 0.43 ms, found 1 plugins.
Preloading 0 native plugins for Editor in 0.00 ms.
Invoked RoslynAnalysisRunner static constructor.
RoslynAnalysisRunner will not be running.
RoslynAnalysisRunner has terminated.
Mono: successfully reloaded assembly
- Completed reload, in  0.644 seconds
Platform modules already initialized, skipping
Refreshing native plugins compatible for Editor in 0.44 ms, found 1 plugins.
Preloading 0 native plugins for Editor in 0.00 ms.
Unloading 1811 Unused Serialized files (Serialized files now loaded: 0)
System memory in use before: 86.7 MB.
System memory in use after: 86.7 MB.

Unloading 12 unused Assets to reduce memory usage. Loaded Objects now: 2328.
Total: 1.931200 ms (FindLiveObjects: 0.216200 ms CreateObjectMapping: 0.048400 ms MarkObjects: 1.553200 ms  DeleteObjects: 0.112000 ms)

========================================================================
Received Import Request.
  Time since last request: 42801.101384 seconds.
  path: Assets/Scripts/HAT/GameSystem/Classic/DungeonsAndDragons/Dnd5E.cs
  artifactKey: Guid(1c9322f5f1a5dbf489f4b1fcb6d7331b) Importer(815301076,1909f56bfc062723c751e8b465ee728b)
Start importing Assets/Scripts/HAT/GameSystem/Classic/DungeonsAndDragons/Dnd5E.cs using Guid(1c9322f5f1a5dbf489f4b1fcb6d7331b) Importer(815301076,1909f56bfc062723c751e8b465ee728b)  -> (artifact id: 'a655f0a9fac6a2d99d80b4054e2015c3') in 0.008309 seconds
  Import took 0.010941 seconds .

========================================================================
Received Prepare
Registering precompiled user dll's ...
Registered in 0.000786 seconds.
Begin MonoManager ReloadAssembly
Native extension for WindowsStandalone target not found
Refreshing native plugins compatible for Editor in 0.44 ms, found 1 plugins.
Preloading 0 native plugins for Editor in 0.00 ms.
Invoked RoslynAnalysisRunner static constructor.
RoslynAnalysisRunner will not be running.
RoslynAnalysisRunner has terminated.
Mono: successfully reloaded assembly
- Completed reload, in  0.680 seconds
Platform modules already initialized, skipping
Refreshing native plugins compatible for Editor in 0.39 ms, found 1 plugins.
Preloading 0 native plugins for Editor in 0.00 ms.
Unloading 1811 Unused Serialized files (Serialized files now loaded: 0)
System memory in use before: 86.7 MB.
System memory in use after: 86.7 MB.

Unloading 12 unused Assets to reduce memory usage. Loaded Objects now: 2332.
Total: 1.979000 ms (FindLiveObjects: 0.219200 ms CreateObjectMapping: 0.042500 ms MarkObjects: 1.578100 ms  DeleteObjects: 0.138200 ms)

========================================================================
Received Import Request.
  Time since last request: 123.002686 seconds.
  path: Assets/Scripts/HAT/GameSystem/GameSystem.cs
  artifactKey: Guid(3e75e28240ca5f746973ad7920dd0fe2) Importer(815301076,1909f56bfc062723c751e8b465ee728b)
Start importing Assets/Scripts/HAT/GameSystem/GameSystem.cs using Guid(3e75e28240ca5f746973ad7920dd0fe2) Importer(815301076,1909f56bfc062723c751e8b465ee728b)  -> (artifact id: '05163b90e6e9ec9eb2e3a54c6d2b8c9c') in 0.008860 seconds
  Import took 0.031061 seconds .

========================================================================
Received Prepare
Registering precompiled user dll's ...
Registered in 0.000971 seconds.
Begin MonoManager ReloadAssembly
Native extension for WindowsStandalone target not found
Refreshing native plugins compatible for Editor in 0.44 ms, found 1 plugins.
Preloading 0 native plugins for Editor in 0.00 ms.
Invoked RoslynAnalysisRunner static constructor.
RoslynAnalysisRunner will not be running.
RoslynAnalysisRunner has terminated.
Mono: successfully reloaded assembly
- Completed reload, in  0.731 seconds
Platform modules already initialized, skipping
Refreshing native plugins compatible for Editor in 0.42 ms, found 1 plugins.
Preloading 0 native plugins for Editor in 0.00 ms.
Unloading 1811 Unused Serialized files (Serialized files now loaded: 0)
System memory in use before: 86.8 MB.
System memory in use after: 86.7 MB.

Unloading 12 unused Assets to reduce memory usage. Loaded Objects now: 2336.
Total: 2.106300 ms (FindLiveObjects: 0.226300 ms CreateObjectMapping: 0.046900 ms MarkObjects: 1.707200 ms  DeleteObjects: 0.125200 ms)

========================================================================
Received Prepare
Registering precompiled user dll's ...
Registered in 0.000724 seconds.
Begin MonoManager ReloadAssembly
Native extension for WindowsStandalone target not found
Refreshing native plugins compatible for Editor in 0.42 ms, found 1 plugins.
Preloading 0 native plugins for Editor in 0.00 ms.
Invoked RoslynAnalysisRunner static constructor.
RoslynAnalysisRunner will not be running.
RoslynAnalysisRunner has terminated.
Mono: successfully reloaded assembly
- Completed reload, in  0.696 seconds
Platform modules already initialized, skipping
Refreshing native plugins compatible for Editor in 0.41 ms, found 1 plugins.
Preloading 0 native plugins for Editor in 0.00 ms.
Unloading 1811 Unused Serialized files (Serialized files now loaded: 0)
System memory in use before: 86.8 MB.
System memory in use after: 86.7 MB.

Unloading 12 unused Assets to reduce memory usage. Loaded Objects now: 2340.
Total: 2.164500 ms (FindLiveObjects: 0.224700 ms CreateObjectMapping: 0.047500 ms MarkObjects: 1.756700 ms  DeleteObjects: 0.134500 ms)

AssetImportWorkerClient::OnTransportError - code=2 error=End of file
